<?xml version="1.0" encoding="UTF-8"?>

<!DOCTYPE struts PUBLIC
        "-//Apache Software Foundation//DTD Struts Configuration 2.5//EN"
        "http://struts.apache.org/dtds/struts-2.5.dtd">

<struts>

    <package name="test-action" namespace="/" extends="struts-default">
        <action name="test_*" class="com.zhangyifa.test.action.MyAction" method="{1}">
            <result name="success">/WEB-INF/jsp/test/test.jsp</result>
        </action>
    </package>
</struts>